Arguments: 
  C:\Program Files\nodejs\node.exe C:\Users\Akbar\AppData\Roaming\npm\node_modules\yarn\bin\yarn.js add @react-navigation/native

PATH: 
  C:\Program Files (x86)\Common Files\Oracle\Java\javapath;C:\WINDOWS\system32;C:\WINDOWS;C:\WINDOWS\System32\Wbem;C:\WINDOWS\System32\WindowsPowerShell\v1.0\;C:\WINDOWS\System32\OpenSSH\;C:\Program Files\nodejs\;C:\ProgramData\chocolatey\bin;C:\Program Files\dotnet\;C:\Program Files\Git\cmd;C:\Users\Akbar\AppData\Local\Microsoft\WindowsApps;C:\Users\Akbar\AppData\Local\Programs\Microsoft VS Code\bin;C:\Users\Akbar\AppData\Roaming\npm;C:\Users\Akbar\AppData\Local\GitHubDesktop\bin;C:\ProgramData\Akbar\GitHubDesktop\bin

Yarn version: 
  1.22.19

Node version: 
  18.4.0

Platform: 
  win32 x64

Trace: 
  Error: ENOENT: no such file or directory, lstat 'C:\Users\Akbar\Desktop\rn\signalClone\node_modules\nanoid'

npm manifest: 
  {
    "name": "signalclone",
    "version": "1.0.0",
    "main": "node_modules/expo/AppEntry.js",
    "scripts": {
      "start": "expo start",
      "android": "expo start --android",
      "ios": "expo start --ios",
      "web": "expo start --web"
    },
    "dependencies": {
      "expo": "~48.0.18",
      "expo-status-bar": "~1.4.4",
      "react": "18.2.0",
      "react-native": "0.71.8",
      "react-native-screens": "~3.20.0",
      "react-native-safe-area-context": "4.5.0"
    },
    "devDependencies": {
      "@babel/core": "^7.20.0"
    },
    "private": true
  }

yarn manifest: 
  No manifest

Lockfile: 
  No lockfile
